TN:
SF:/home/simon/Documents/projects/js.randrix/src/js/helper/TestData.js
FN:57,(anonymous_0)
FN:71,(anonymous_1)
FN:255,(anonymous_2)
FNF:3
FNH:0
FNDA:0,(anonymous_0)
FNDA:0,(anonymous_1)
FNDA:0,(anonymous_2)
DA:57,0
DA:71,0
DA:255,0
LF:3
LH:0
BRF:0
BRH:0
end_of_record
TN:
SF:/home/simon/Documents/projects/js.randrix/src/js/helper/TestHelper.class.js
FN:5,(anonymous_0)
FN:9,(anonymous_1)
FN:19,(anonymous_2)
FN:27,(anonymous_3)
FNF:4
FNH:4
FNDA:1,(anonymous_0)
FNDA:153,(anonymous_1)
FNDA:342,(anonymous_2)
FNDA:36,(anonymous_3)
DA:6,1
DA:11,153
DA:20,342
DA:22,261
DA:24,36
DA:26,18
DA:27,18
DA:28,36
DA:31,0
DA:34,27
LF:10
LH:9
BRDA:20,0,0,261
BRDA:20,0,1,36
BRDA:20,0,2,18
BRDA:20,0,3,27
BRDA:22,1,0,162
BRDA:22,1,1,99
BRDA:26,2,0,18
BRDA:26,2,1,0
BRF:8
BRH:7
end_of_record
TN:
SF:/home/simon/Documents/projects/js.randrix/src/js/helper/Validation.class.js
FN:14,(anonymous_0)
FNF:1
FNH:1
FNDA:370,(anonymous_0)
DA:15,370
DA:16,370
DA:18,2
DA:19,2
DA:24,1
DA:25,1
DA:30,1
DA:31,1
DA:36,1
DA:37,1
DA:42,2
DA:43,2
DA:45,1
DA:46,1
DA:51,1
DA:52,1
DA:54,1
DA:55,1
DA:60,1
DA:61,1
DA:63,1
DA:64,1
DA:69,1
DA:70,1
DA:75,1
DA:76,1
DA:81,2
DA:82,2
DA:84,1
DA:85,1
DA:91,2
DA:92,2
DA:94,370
LF:33
LH:33
BRDA:16,0,0,2
BRDA:16,0,1,1
BRDA:16,0,2,1
BRDA:16,0,3,1
BRDA:16,0,4,2
BRDA:16,0,5,1
BRDA:16,0,6,1
BRDA:16,0,7,1
BRDA:16,0,8,1
BRDA:16,0,9,1
BRDA:16,0,10,1
BRDA:16,0,11,1
BRDA:16,0,12,2
BRDA:16,0,13,1
BRDA:16,0,14,2
BRDA:17,1,0,370
BRDA:17,1,1,368
BRDA:21,2,0,368
BRDA:21,2,1,367
BRDA:27,3,0,367
BRDA:27,3,1,281
BRDA:33,4,0,366
BRDA:33,4,1,86
BRDA:39,5,0,365
BRDA:39,5,1,279
BRDA:44,6,0,363
BRDA:44,6,1,86
BRDA:48,7,0,362
BRDA:48,7,1,276
BRDA:53,8,0,361
BRDA:53,8,1,86
BRDA:57,9,0,360
BRDA:57,9,1,274
BRDA:62,10,0,359
BRDA:62,10,1,86
BRDA:66,11,0,358
BRDA:66,11,1,272
BRDA:72,12,0,357
BRDA:72,12,1,86
BRDA:78,13,0,356
BRDA:78,13,1,277
BRDA:83,14,0,354
BRDA:83,14,1,79
BRDA:87,15,0,353
BRDA:87,15,1,275
BRDA:87,15,2,268
BRDA:94,16,0,351
BRDA:94,16,1,19
BRF:48
BRH:48
end_of_record
TN:
SF:/home/simon/Documents/projects/js.randrix/src/js/Randrix.class.js
FN:32,(anonymous_0)
FN:69,(anonymous_1)
FN:78,(anonymous_2)
FN:87,(anonymous_3)
FN:100,(anonymous_4)
FN:113,(anonymous_5)
FN:119,(anonymous_6)
FN:130,(anonymous_7)
FN:152,(anonymous_8)
FN:161,(anonymous_9)
FN:174,(anonymous_10)
FN:190,(anonymous_11)
FN:207,(anonymous_12)
FN:227,(anonymous_13)
FN:237,(anonymous_14)
FN:254,(anonymous_15)
FN:274,(anonymous_16)
FN:276,(anonymous_17)
FN:285,(anonymous_18)
FN:286,(anonymous_19)
FN:296,(anonymous_20)
FN:310,(anonymous_21)
FN:313,(anonymous_22)
FN:327,(anonymous_23)
FN:342,(anonymous_24)
FNF:25
FNH:23
FNDA:370,(anonymous_0)
FNDA:19,(anonymous_1)
FNDA:9,(anonymous_2)
FNDA:6266,(anonymous_3)
FNDA:2477,(anonymous_4)
FNDA:5373,(anonymous_5)
FNDA:0,(anonymous_6)
FNDA:5382,(anonymous_7)
FNDA:884,(anonymous_8)
FNDA:875,(anonymous_9)
FNDA:875,(anonymous_10)
FNDA:875,(anonymous_11)
FNDA:884,(anonymous_12)
FNDA:893,(anonymous_13)
FNDA:35,(anonymous_14)
FNDA:13,(anonymous_15)
FNDA:13,(anonymous_16)
FNDA:0,(anonymous_17)
FNDA:5382,(anonymous_18)
FNDA:875,(anonymous_19)
FNDA:162,(anonymous_20)
FNDA:9,(anonymous_21)
FNDA:9,(anonymous_22)
FNDA:144,(anonymous_23)
FNDA:153,(anonymous_24)
DA:33,370
DA:43,370
DA:44,370
DA:46,351
DA:47,351
DA:48,351
DA:49,351
DA:50,351
DA:51,351
DA:52,351
DA:53,351
DA:54,351
DA:55,351
DA:56,351
DA:57,351
DA:58,351
DA:59,351
DA:60,351
DA:61,351
DA:62,351
DA:70,19
DA:79,9
DA:88,6266
DA:101,2477
DA:114,5373
DA:115,5373
DA:119,0
DA:121,5373
DA:131,5382
DA:132,5382
DA:133,5382
DA:135,5382
DA:136,5382
DA:138,5382
DA:139,1084
DA:141,5382
DA:143,5382
DA:153,884
DA:162,875
DA:164,875
DA:165,875
DA:175,875
DA:176,862
DA:177,300
DA:180,862
DA:191,875
DA:192,875
DA:195,0
DA:196,0
DA:208,884
DA:209,4
DA:211,0
DA:215,4
DA:217,880
DA:228,893
DA:238,35
DA:255,13
DA:256,4
DA:257,4
DA:258,4
DA:259,4
DA:260,4
DA:262,4
DA:264,9
DA:275,13
DA:276,0
DA:286,5382
DA:287,875
DA:297,162
DA:298,864
DA:299,5364
DA:302,162
DA:311,9
DA:312,9
DA:314,9
DA:315,9
DA:318,9
DA:328,144
DA:329,4777
DA:330,4777
DA:333,144
DA:334,144
DA:343,153
DA:344,153
LF:84
LH:79
BRDA:44,0,0,19
BRDA:44,0,1,351
BRDA:55,1,0,78
BRDA:55,1,1,273
BRDA:79,2,0,9
BRDA:79,2,1,2
BRDA:101,3,0,2470
BRDA:101,3,1,7
BRDA:116,4,0,5373
BRDA:116,4,1,0
BRDA:119,5,0,5373
BRDA:119,5,1,0
BRDA:138,6,0,1084
BRDA:138,6,1,4298
BRDA:138,7,0,5382
BRDA:138,7,1,1084
BRDA:153,8,0,884
BRDA:153,8,1,0
BRDA:175,9,0,862
BRDA:175,9,1,13
BRDA:175,10,0,875
BRDA:175,10,1,862
BRDA:176,11,0,300
BRDA:176,11,1,562
BRDA:191,12,0,875
BRDA:191,12,1,0
BRDA:192,13,0,0
BRDA:192,13,1,875
BRDA:193,14,0,875
BRDA:193,14,1,4
BRDA:196,15,0,0
BRDA:196,15,1,0
BRDA:196,16,0,0
BRDA:196,16,1,0
BRDA:208,17,0,4
BRDA:208,17,1,880
BRDA:208,18,0,884
BRDA:208,18,1,26
BRDA:209,19,0,0
BRDA:209,19,1,4
BRDA:238,20,0,26
BRDA:238,20,1,9
BRDA:240,21,0,26
BRDA:240,21,1,19
BRDA:240,21,2,22
BRDA:240,21,3,0
BRDA:240,21,4,22
BRDA:240,21,5,6
BRDA:255,22,0,4
BRDA:255,22,1,9
BRDA:275,23,0,4
BRDA:275,23,1,9
BRDA:329,24,0,4777
BRDA:329,24,1,0
BRDA:333,25,0,9
BRDA:333,25,1,135
BRDA:343,26,0,153
BRDA:343,26,1,0
BRF:58
BRH:45
end_of_record
TN:
SF:/home/simon/Documents/projects/js.randrix/src/js/Randrix.class.test.js
FN:6,(anonymous_0)
FN:7,(anonymous_1)
FN:9,(anonymous_2)
FN:19,(anonymous_3)
FN:24,(anonymous_4)
FN:25,(anonymous_5)
FN:30,(anonymous_6)
FN:35,(anonymous_7)
FN:36,(anonymous_8)
FN:46,(anonymous_9)
FNF:10
FNH:10
FNDA:28,(anonymous_0)
FNDA:28,(anonymous_1)
FNDA:361,(anonymous_2)
FNDA:361,(anonymous_3)
FNDA:19,(anonymous_4)
FNDA:19,(anonymous_5)
FNDA:9,(anonymous_6)
FNDA:180,(anonymous_7)
FNDA:180,(anonymous_8)
FNDA:153,(anonymous_9)
DA:5,1
DA:6,1
DA:7,28
DA:8,28
DA:9,28
DA:10,361
DA:11,361
DA:16,361
DA:19,28
DA:20,361
DA:23,28
DA:24,19
DA:25,19
DA:26,19
DA:30,9
DA:31,9
DA:32,9
DA:35,9
DA:36,180
DA:38,180
DA:39,180
DA:42,180
DA:43,153
DA:44,153
DA:48,153
DA:49,153
DA:50,153
DA:51,153
DA:54,153
LF:29
LH:29
BRDA:12,0,0,77
BRDA:12,0,1,284
BRDA:23,1,0,19
BRDA:23,1,1,9
BRDA:42,2,0,153
BRDA:42,2,1,27
BRDA:49,3,0,135
BRDA:49,3,1,18
BRDA:50,4,0,153
BRDA:50,4,1,0
BRDA:54,5,0,117
BRDA:54,5,1,36
BRF:12
BRH:11
end_of_record
